\BOOKMARK [0][-]{chapter.1}{Ch\351m gi\363 x\355u }{}% 1
\BOOKMARK [1][-]{section.1.1}{V lp tr\354nh nh\372ng}{chapter.1}% 2
\BOOKMARK [1][-]{section.1.2}{V ng\364n ng C trong lp tr\354nh nh\372ng}{chapter.1}% 3
\BOOKMARK [1][-]{section.1.3}{V phn cng \040demo}{chapter.1}% 4
\BOOKMARK [1][-]{section.1.4}{V Ting Anh, v\342ng ting Anh...}{chapter.1}% 5
\BOOKMARK [0][-]{chapter.2}{Ng\364n ng C trong lp tr\354nh nh\372ng}{}% 6
\BOOKMARK [1][-]{section.2.1}{C ban v chng tr\354nh.}{chapter.2}% 7
\BOOKMARK [1][-]{section.2.2}{V c\341ch t chc b nh}{chapter.2}% 8
\BOOKMARK [1][-]{section.2.3}{Khai b\341o bin}{chapter.2}% 9
\BOOKMARK [1][-]{section.2.4}{Kiu d liu t inh ngh\232a}{chapter.2}% 10
\BOOKMARK [1][-]{section.2.5}{Con tro}{chapter.2}% 11
\BOOKMARK [1][-]{section.2.6}{V\355 du v truyn nhn uart}{chapter.2}% 12
\BOOKMARK [2][-]{subsection.2.6.1}{Truyn uart}{section.2.6}% 13
\BOOKMARK [2][-]{subsection.2.6.2}{Nhn uart}{section.2.6}% 14
\BOOKMARK [1][-]{section.2.7}{Debug}{chapter.2}% 15
\BOOKMARK [0][-]{chapter.3}{Coding style}{}% 16
\BOOKMARK [1][-]{section.3.1}{Moudule h\363a}{chapter.3}% 17
\BOOKMARK [1][-]{section.3.2}{Cu tr\372c chng tr\354nh ch\355nh v\340 c\341ch goi h\340m}{chapter.3}% 18
\BOOKMARK [1][-]{section.3.3}{H\340m s}{chapter.3}% 19
\BOOKMARK [2][-]{subsection.3.3.1}{\320t t\352n h\340m}{section.3.3}% 20
\BOOKMARK [2][-]{subsection.3.3.2}{\320 d\340i cua h\340m}{section.3.3}% 21
\BOOKMARK [2][-]{subsection.3.3.3}{Truyn tham s}{section.3.3}% 22
\BOOKMARK [2][-]{subsection.3.3.4}{Bao v h\340m s}{section.3.3}% 23
\BOOKMARK [1][-]{section.3.4}{C\341c bin s}{chapter.3}% 24
\BOOKMARK [2][-]{subsection.3.4.1}{\320t t\352n bin}{section.3.4}% 25
\BOOKMARK [2][-]{subsection.3.4.2}{C\341c lu \375 khi khai b\341o bin}{section.3.4}% 26
\BOOKMARK [2][-]{subsection.3.4.3}{Kiu bin static}{section.3.4}% 27
\BOOKMARK [2][-]{subsection.3.4.4}{Kiu bin volatile}{section.3.4}% 28
\BOOKMARK [1][-]{section.3.5}{Ch\372 th\355ch}{chapter.3}% 29
\BOOKMARK [1][-]{section.3.6}{Blocking vs. Non-blocking mode}{chapter.3}% 30
\BOOKMARK [1][-]{section.3.7}{M\341y trang th\341i}{chapter.3}% 31
\BOOKMARK [0][-]{chapter.4}{Vit th vin}{}% 32
\BOOKMARK [1][-]{section.4.1}{Cu tr\372c th vin}{chapter.4}% 33
\BOOKMARK [1][-]{section.4.2}{Vit th vin theo phong c\341ch OOP}{chapter.4}% 34
\BOOKMARK [0][-]{chapter.5}{Quan l\375 phi\352n ban: GIT}{}% 35
